1660437158207	geckodriver	INFO	Listening on 127.0.0.1:56739
1660437158263	mozrunner::runner	INFO	Running command: "/usr/bin/firefox" "--marionette" "--remote-debugging-port" "58287" "--remote-allow-hosts" "localhost" "-no-remote" "-profile" "/tmp/rust_mozprofile0R5Dck"
ATTENTION: default value of option mesa_glthread overridden by environment.
ATTENTION: default value of option mesa_glthread overridden by environment.
ATTENTION: default value of option mesa_glthread overridden by environment.
ATTENTION: default value of option mesa_glthread overridden by environment.
1660437158945	Marionette	INFO	Marionette enabled
1660437158950	Marionette	INFO	Listening on port 37713
WebDriver BiDi listening on ws://localhost:58287
Read port: 37713
1660437159060	RemoteAgent	WARN	TLS certificate errors will be ignored for this session
console.warn: SearchSettings: "get: No settings file exists, new profile?" (new NotFoundError("Could not open the file at /tmp/rust_mozprofile0R5Dck/search.json.mozlz4", (void 0)))
DevTools listening on ws://localhost:58287/devtools/browser/274cfe76-65fe-4e28-90f4-6c93aec9a3cd
[Parent 2516043, Main Thread] WARNING: firefox has no capability of surrounding-text feature: 'glib warning', file /builds/worker/checkouts/gecko/toolkit/xre/nsSigHandlers.cpp:167

(firefox:2516043): IBUS-WARNING **: 07:32:40.744: firefox has no capability of surrounding-text feature
1660437174314	Marionette	INFO	Stopped listening on port 37713
console.warn: TopSitesFeed: Failed to fetch data from Contile server: NetworkError when attempting to fetch resource.
1660437211011	geckodriver	INFO	Listening on 127.0.0.1:55095
1660437211067	mozrunner::runner	INFO	Running command: "/usr/bin/firefox" "--marionette" "--remote-debugging-port" "44549" "--remote-allow-hosts" "localhost" "-no-remote" "-profile" "/tmp/rust_mozprofileUq6rvc"
ATTENTION: default value of option mesa_glthread overridden by environment.
ATTENTION: default value of option mesa_glthread overridden by environment.
ATTENTION: default value of option mesa_glthread overridden by environment.
ATTENTION: default value of option mesa_glthread overridden by environment.
1660437211682	Marionette	INFO	Marionette enabled
1660437211686	Marionette	INFO	Listening on port 40401
WebDriver BiDi listening on ws://localhost:44549
Read port: 40401
1660437211834	RemoteAgent	WARN	TLS certificate errors will be ignored for this session
console.warn: SearchSettings: "get: No settings file exists, new profile?" (new NotFoundError("Could not open the file at /tmp/rust_mozprofileUq6rvc/search.json.mozlz4", (void 0)))
DevTools listening on ws://localhost:44549/devtools/browser/25774d8c-1c29-4391-a136-aee9ae27e9f5
JavaScript warning: https://deo.shopeemobile.com/shopee/web-sdk/js/live/7c5aa9417356a5b395aa8633026331d49ab5a001.js, line 1: WEBGL_debug_renderer_info is deprecated in Firefox and will be removed. Please use RENDERER.
JavaScript warning: , line 0: WebGL warning: linkProgram: Must have a compiled fragment shader attached: Missing shader.
JavaScript warning: , line 0: WebGL warning: uniform setter: No active linked Program.
JavaScript warning: https://deo.shopeemobile.com/shopee/web-sdk/js/live/7c5aa9417356a5b395aa8633026331d49ab5a001.js, line 1: WEBGL_debug_renderer_info is deprecated in Firefox and will be removed. Please use RENDERER.
JavaScript warning: , line 0: WebGL warning: linkProgram: Must have a compiled fragment shader attached: Missing shader.
JavaScript warning: , line 0: WebGL warning: uniform setter: No active linked Program.
1660437222545	Marionette	INFO	Stopped listening on port 40401
1660518143488	geckodriver	INFO	Listening on 127.0.0.1:33733
1660518143549	mozrunner::runner	INFO	Running command: "/usr/bin/firefox" "--marionette" "--remote-debugging-port" "60075" "--remote-allow-hosts" "localhost" "-no-remote" "-profile" "/tmp/rust_mozprofilew1pYyr"
ATTENTION: default value of option mesa_glthread overridden by environment.
ATTENTION: default value of option mesa_glthread overridden by environment.
ATTENTION: default value of option mesa_glthread overridden by environment.
ATTENTION: default value of option mesa_glthread overridden by environment.
1660518144164	Marionette	INFO	Marionette enabled
1660518144179	Marionette	INFO	Listening on port 42773
WebDriver BiDi listening on ws://localhost:60075
Read port: 42773
1660518144290	RemoteAgent	WARN	TLS certificate errors will be ignored for this session
console.warn: SearchSettings: "get: No settings file exists, new profile?" (new NotFoundError("Could not open the file at /tmp/rust_mozprofilew1pYyr/search.json.mozlz4", (void 0)))
DevTools listening on ws://localhost:60075/devtools/browser/5284fa64-ff9c-4f80-b1fa-6dce2136365a
JavaScript warning: https://deo.shopeemobile.com/shopee/web-sdk/js/live/7c5aa9417356a5b395aa8633026331d49ab5a001.js, line 1: WEBGL_debug_renderer_info is deprecated in Firefox and will be removed. Please use RENDERER.
JavaScript warning: , line 0: WebGL warning: linkProgram: Must have a compiled fragment shader attached: Missing shader.
JavaScript warning: , line 0: WebGL warning: uniform setter: No active linked Program.
JavaScript warning: https://deo.shopeemobile.com/shopee/web-sdk/js/live/7c5aa9417356a5b395aa8633026331d49ab5a001.js, line 1: WEBGL_debug_renderer_info is deprecated in Firefox and will be removed. Please use RENDERER.
JavaScript warning: , line 0: WebGL warning: linkProgram: Must have a compiled fragment shader attached: Missing shader.
JavaScript warning: , line 0: WebGL warning: uniform setter: No active linked Program.
[Parent 182542, Main Thread] WARNING: firefox has no capability of surrounding-text feature: 'glib warning', file /builds/worker/checkouts/gecko/toolkit/xre/nsSigHandlers.cpp:167

(firefox:182542): IBUS-WARNING **: 06:02:34.960: firefox has no capability of surrounding-text feature
JavaScript warning: https://deo.shopeemobile.com/shopee/shopee-pcmall-live-sg//assets/6645.d661b7b6b205f056.js, line 1: WEBGL_debug_renderer_info is deprecated in Firefox and will be removed. Please use RENDERER.
JavaScript warning: , line 0: WebGL warning: linkProgram: Must have a compiled fragment shader attached: Missing shader.
JavaScript warning: , line 0: WebGL warning: uniform setter: No active linked Program.
JavaScript warning: , line 0: WebGL warning: drawArraysInstanced: The current program is not linked.
1660518156957	Marionette	INFO	Stopped listening on port 42773
1660518172667	geckodriver	INFO	Listening on 127.0.0.1:55017
1660518172713	mozrunner::runner	INFO	Running command: "/usr/bin/firefox" "--marionette" "--remote-debugging-port" "34289" "--remote-allow-hosts" "localhost" "-no-remote" "-profile" "/tmp/rust_mozprofilecwkwAr"
ATTENTION: default value of option mesa_glthread overridden by environment.
ATTENTION: default value of option mesa_glthread overridden by environment.
ATTENTION: default value of option mesa_glthread overridden by environment.
ATTENTION: default value of option mesa_glthread overridden by environment.
1660518173311	Marionette	INFO	Marionette enabled
1660518173315	Marionette	INFO	Listening on port 46261
WebDriver BiDi listening on ws://localhost:34289
Read port: 46261
1660518173598	RemoteAgent	WARN	TLS certificate errors will be ignored for this session
console.warn: SearchSettings: "get: No settings file exists, new profile?" (new NotFoundError("Could not open the file at /tmp/rust_mozprofilecwkwAr/search.json.mozlz4", (void 0)))
DevTools listening on ws://localhost:34289/devtools/browser/d0632d90-801f-420c-bfd5-399ed57c2f9f
JavaScript warning: https://deo.shopeemobile.com/shopee/web-sdk/js/live/7c5aa9417356a5b395aa8633026331d49ab5a001.js, line 1: WEBGL_debug_renderer_info is deprecated in Firefox and will be removed. Please use RENDERER.
JavaScript warning: , line 0: WebGL warning: linkProgram: Must have a compiled fragment shader attached: Missing shader.
JavaScript warning: , line 0: WebGL warning: uniform setter: No active linked Program.
[Parent 183029, Main Thread] WARNING: firefox has no capability of surrounding-text feature: 'glib warning', file /builds/worker/checkouts/gecko/toolkit/xre/nsSigHandlers.cpp:167

(firefox:183029): IBUS-WARNING **: 06:03:01.415: firefox has no capability of surrounding-text feature
JavaScript warning: https://deo.shopeemobile.com/shopee/shopee-pcmall-live-sg//assets/6645.d661b7b6b205f056.js, line 1: WEBGL_debug_renderer_info is deprecated in Firefox and will be removed. Please use RENDERER.
JavaScript warning: , line 0: WebGL warning: linkProgram: Must have a compiled fragment shader attached: Missing shader.
JavaScript warning: , line 0: WebGL warning: uniform setter: No active linked Program.
JavaScript warning: , line 0: WebGL warning: drawArraysInstanced: The current program is not linked.
[Parent 183029, Main Thread] WARNING: firefox has no capability of surrounding-text feature: 'glib warning', file /builds/worker/checkouts/gecko/toolkit/xre/nsSigHandlers.cpp:167

(firefox:183029): IBUS-WARNING **: 06:03:05.888: firefox has no capability of surrounding-text feature
JavaScript error: , line 0: TypeError: NetworkError when attempting to fetch resource.
JavaScript warning: https://deo.shopeemobile.com/shopee/web-sdk/js/live/7c5aa9417356a5b395aa8633026331d49ab5a001.js, line 1: WEBGL_debug_renderer_info is deprecated in Firefox and will be removed. Please use RENDERER.
JavaScript warning: , line 0: WebGL warning: linkProgram: Must have a compiled fragment shader attached: Missing shader.
JavaScript warning: , line 0: WebGL warning: uniform setter: No active linked Program.
JavaScript error: resource://gre/modules/LoginManagerChild.jsm, line 111: NS_NOINTERFACE: Component returned failure code: 0x80004002 (NS_NOINTERFACE) [nsIWebProgress.DOMWindow]
JavaScript error: resource://gre/modules/LoginManagerChild.jsm, line 111: NS_NOINTERFACE: Component returned failure code: 0x80004002 (NS_NOINTERFACE) [nsIWebProgress.DOMWindow]
JavaScript warning: https://deo.shopeemobile.com/shopee/shopee-seller-live-vn/chateasy/vendors.0f485567.51dc4295ec71764924bb.js, line 2: WEBGL_debug_renderer_info is deprecated in Firefox and will be removed. Please use RENDERER.
JavaScript warning: https://deo.shopeemobile.com/shopee/shopee-seller-live-vn/chateasy/vendors.0f485567.51dc4295ec71764924bb.js, line 2: WEBGL_debug_renderer_info is deprecated in Firefox and will be removed. Please use RENDERER.
JavaScript warning: https://deo.shopeemobile.com/shopee/shopee-seller-live-vn/chateasy/vendors.0f485567.51dc4295ec71764924bb.js, line 2: WEBGL_debug_renderer_info is deprecated in Firefox and will be removed. Please use RENDERER.
JavaScript warning: , line 0: WebGL warning: linkProgram: Must have a compiled fragment shader attached: Missing shader.
JavaScript warning: , line 0: WebGL warning: uniform setter: No active linked Program.
JavaScript warning: , line 0: WebGL warning: drawArraysInstanced: The current program is not linked.
JavaScript error: resource://gre/modules/LoginManagerChild.jsm, line 111: NS_NOINTERFACE: Component returned failure code: 0x80004002 (NS_NOINTERFACE) [nsIWebProgress.DOMWindow]
JavaScript error: resource://gre/modules/LoginManagerChild.jsm, line 111: NS_NOINTERFACE: Component returned failure code: 0x80004002 (NS_NOINTERFACE) [nsIWebProgress.DOMWindow]
JavaScript error: resource://gre/modules/LoginManagerChild.jsm, line 111: NS_NOINTERFACE: Component returned failure code: 0x80004002 (NS_NOINTERFACE) [nsIWebProgress.DOMWindow]
JavaScript error: resource://gre/modules/LoginManagerChild.jsm, line 111: NS_NOINTERFACE: Component returned failure code: 0x80004002 (NS_NOINTERFACE) [nsIWebProgress.DOMWindow]
1660518194175	Marionette	INFO	Stopped listening on port 46261
console.warn: TopSitesFeed: Failed to fetch data from Contile server: NetworkError when attempting to fetch resource.
1660519874159	geckodriver	INFO	Listening on 127.0.0.1:58209
1660519874212	mozrunner::runner	INFO	Running command: "/usr/bin/firefox" "--marionette" "--remote-debugging-port" "41905" "--remote-allow-hosts" "localhost" "-no-remote" "-profile" "/tmp/rust_mozprofileQBLHyP"
ATTENTION: default value of option mesa_glthread overridden by environment.
ATTENTION: default value of option mesa_glthread overridden by environment.
ATTENTION: default value of option mesa_glthread overridden by environment.
ATTENTION: default value of option mesa_glthread overridden by environment.
1660519874819	Marionette	INFO	Marionette enabled
1660519874822	Marionette	INFO	Listening on port 45609
WebDriver BiDi listening on ws://localhost:41905
Read port: 45609
1660519875058	RemoteAgent	WARN	TLS certificate errors will be ignored for this session
console.warn: SearchSettings: "get: No settings file exists, new profile?" (new NotFoundError("Could not open the file at /tmp/rust_mozprofileQBLHyP/search.json.mozlz4", (void 0)))
DevTools listening on ws://localhost:41905/devtools/browser/d005ce44-0dea-498f-b212-c8d02d383f01
JavaScript warning: https://deo.shopeemobile.com/shopee/web-sdk/js/live/7c5aa9417356a5b395aa8633026331d49ab5a001.js, line 1: WEBGL_debug_renderer_info is deprecated in Firefox and will be removed. Please use RENDERER.
JavaScript warning: , line 0: WebGL warning: linkProgram: Must have a compiled fragment shader attached: Missing shader.
JavaScript warning: , line 0: WebGL warning: uniform setter: No active linked Program.
[Parent 186428, Main Thread] WARNING: firefox has no capability of surrounding-text feature: 'glib warning', file /builds/worker/checkouts/gecko/toolkit/xre/nsSigHandlers.cpp:167

(firefox:186428): IBUS-WARNING **: 06:31:25.300: firefox has no capability of surrounding-text feature
JavaScript warning: https://deo.shopeemobile.com/shopee/shopee-pcmall-live-sg//assets/6645.d661b7b6b205f056.js, line 1: WEBGL_debug_renderer_info is deprecated in Firefox and will be removed. Please use RENDERER.
JavaScript warning: , line 0: WebGL warning: linkProgram: Must have a compiled fragment shader attached: Missing shader.
JavaScript warning: , line 0: WebGL warning: uniform setter: No active linked Program.
JavaScript warning: , line 0: WebGL warning: drawArraysInstanced: The current program is not linked.
1660519896053	Marionette	INFO	Stopped listening on port 45609
console.warn: TopSitesFeed: Failed to fetch data from Contile server: NetworkError when attempting to fetch resource.
1660519985865	geckodriver	INFO	Listening on 127.0.0.1:46857
1660519985912	mozrunner::runner	INFO	Running command: "/usr/bin/firefox" "--marionette" "--remote-debugging-port" "49245" "--remote-allow-hosts" "localhost" "-no-remote" "-profile" "/tmp/rust_mozprofiledcySkQ"
ATTENTION: default value of option mesa_glthread overridden by environment.
ATTENTION: default value of option mesa_glthread overridden by environment.
ATTENTION: default value of option mesa_glthread overridden by environment.
ATTENTION: default value of option mesa_glthread overridden by environment.
1660519986560	Marionette	INFO	Marionette enabled
1660519986566	Marionette	INFO	Listening on port 43435
WebDriver BiDi listening on ws://localhost:49245
Read port: 43435
1660519986672	RemoteAgent	WARN	TLS certificate errors will be ignored for this session
console.warn: SearchSettings: "get: No settings file exists, new profile?" (new NotFoundError("Could not open the file at /tmp/rust_mozprofiledcySkQ/search.json.mozlz4", (void 0)))
DevTools listening on ws://localhost:49245/devtools/browser/a1a4d7f2-e91d-4e8e-bcb9-0fa55755ebd4
JavaScript warning: https://deo.shopeemobile.com/shopee/web-sdk/js/live/7c5aa9417356a5b395aa8633026331d49ab5a001.js, line 1: WEBGL_debug_renderer_info is deprecated in Firefox and will be removed. Please use RENDERER.
JavaScript warning: , line 0: WebGL warning: linkProgram: Must have a compiled fragment shader attached: Missing shader.
JavaScript warning: , line 0: WebGL warning: uniform setter: No active linked Program.
[Parent 187384, Main Thread] WARNING: firefox has no capability of surrounding-text feature: 'glib warning', file /builds/worker/checkouts/gecko/toolkit/xre/nsSigHandlers.cpp:167

(firefox:187384): IBUS-WARNING **: 06:33:15.020: firefox has no capability of surrounding-text feature
JavaScript warning: https://deo.shopeemobile.com/shopee/shopee-pcmall-live-sg//assets/6645.d661b7b6b205f056.js, line 1: WEBGL_debug_renderer_info is deprecated in Firefox and will be removed. Please use RENDERER.
JavaScript warning: , line 0: WebGL warning: linkProgram: Must have a compiled fragment shader attached: Missing shader.
JavaScript warning: , line 0: WebGL warning: uniform setter: No active linked Program.
JavaScript warning: , line 0: WebGL warning: drawArraysInstanced: The current program is not linked.
1660520001764	Marionette	INFO	Stopped listening on port 43435
console.warn: TopSitesFeed: Failed to fetch data from Contile server: NetworkError when attempting to fetch resource.
1660520063524	geckodriver	INFO	Listening on 127.0.0.1:39315
1660520063572	mozrunner::runner	INFO	Running command: "/usr/bin/firefox" "--marionette" "--remote-debugging-port" "40155" "--remote-allow-hosts" "localhost" "-no-remote" "-profile" "/tmp/rust_mozprofileb9WDBL"
ATTENTION: default value of option mesa_glthread overridden by environment.
ATTENTION: default value of option mesa_glthread overridden by environment.
ATTENTION: default value of option mesa_glthread overridden by environment.
ATTENTION: default value of option mesa_glthread overridden by environment.
1660520064221	Marionette	INFO	Marionette enabled
1660520064225	Marionette	INFO	Listening on port 46575
WebDriver BiDi listening on ws://localhost:40155
Read port: 46575
1660520064328	RemoteAgent	WARN	TLS certificate errors will be ignored for this session
console.warn: SearchSettings: "get: No settings file exists, new profile?" (new NotFoundError("Could not open the file at /tmp/rust_mozprofileb9WDBL/search.json.mozlz4", (void 0)))
DevTools listening on ws://localhost:40155/devtools/browser/288fcfbe-2f7d-4889-8007-624c8d856d9b
JavaScript warning: https://deo.shopeemobile.com/shopee/web-sdk/js/live/7c5aa9417356a5b395aa8633026331d49ab5a001.js, line 1: WEBGL_debug_renderer_info is deprecated in Firefox and will be removed. Please use RENDERER.
JavaScript warning: , line 0: WebGL warning: linkProgram: Must have a compiled fragment shader attached: Missing shader.
JavaScript warning: , line 0: WebGL warning: uniform setter: No active linked Program.
[Parent 188226, Main Thread] WARNING: firefox has no capability of surrounding-text feature: 'glib warning', file /builds/worker/checkouts/gecko/toolkit/xre/nsSigHandlers.cpp:167

(firefox:188226): IBUS-WARNING **: 06:34:33.043: firefox has no capability of surrounding-text feature
JavaScript warning: https://deo.shopeemobile.com/shopee/shopee-pcmall-live-sg//assets/6645.d661b7b6b205f056.js, line 1: WEBGL_debug_renderer_info is deprecated in Firefox and will be removed. Please use RENDERER.
JavaScript warning: , line 0: WebGL warning: linkProgram: Must have a compiled fragment shader attached: Missing shader.
JavaScript warning: , line 0: WebGL warning: uniform setter: No active linked Program.
JavaScript warning: , line 0: WebGL warning: drawArraysInstanced: The current program is not linked.
1660520082006	Marionette	INFO	Stopped listening on port 46575
console.warn: TopSitesFeed: Failed to fetch data from Contile server: NetworkError when attempting to fetch resource.
1660520136269	geckodriver	INFO	Listening on 127.0.0.1:47617
1660520136316	mozrunner::runner	INFO	Running command: "/usr/bin/firefox" "--marionette" "--remote-debugging-port" "53177" "--remote-allow-hosts" "localhost" "-no-remote" "-profile" "/tmp/rust_mozprofilekGxVOI"
ATTENTION: default value of option mesa_glthread overridden by environment.
ATTENTION: default value of option mesa_glthread overridden by environment.
ATTENTION: default value of option mesa_glthread overridden by environment.
ATTENTION: default value of option mesa_glthread overridden by environment.
1660520136936	Marionette	INFO	Marionette enabled
1660520136940	Marionette	INFO	Listening on port 34017
WebDriver BiDi listening on ws://localhost:53177
Read port: 34017
1660520137137	RemoteAgent	WARN	TLS certificate errors will be ignored for this session
console.warn: SearchSettings: "get: No settings file exists, new profile?" (new NotFoundError("Could not open the file at /tmp/rust_mozprofilekGxVOI/search.json.mozlz4", (void 0)))
DevTools listening on ws://localhost:53177/devtools/browser/b1d2cc3d-a3a2-4c66-a458-8b0714da843a
JavaScript warning: https://deo.shopeemobile.com/shopee/web-sdk/js/live/7c5aa9417356a5b395aa8633026331d49ab5a001.js, line 1: WEBGL_debug_renderer_info is deprecated in Firefox and will be removed. Please use RENDERER.
JavaScript warning: , line 0: WebGL warning: linkProgram: Must have a compiled fragment shader attached: Missing shader.
JavaScript warning: , line 0: WebGL warning: uniform setter: No active linked Program.
JavaScript warning: https://deo.shopeemobile.com/shopee/web-sdk/js/live/7c5aa9417356a5b395aa8633026331d49ab5a001.js, line 1: WEBGL_debug_renderer_info is deprecated in Firefox and will be removed. Please use RENDERER.
JavaScript warning: , line 0: WebGL warning: linkProgram: Must have a compiled fragment shader attached: Missing shader.
JavaScript warning: , line 0: WebGL warning: uniform setter: No active linked Program.
[Parent 188911, Main Thread] WARNING: firefox has no capability of surrounding-text feature: 'glib warning', file /builds/worker/checkouts/gecko/toolkit/xre/nsSigHandlers.cpp:167

(firefox:188911): IBUS-WARNING **: 06:35:47.059: firefox has no capability of surrounding-text feature
JavaScript warning: https://deo.shopeemobile.com/shopee/shopee-pcmall-live-sg//assets/6645.d661b7b6b205f056.js, line 1: WEBGL_debug_renderer_info is deprecated in Firefox and will be removed. Please use RENDERER.
JavaScript warning: , line 0: WebGL warning: linkProgram: Must have a compiled fragment shader attached: Missing shader.
JavaScript warning: , line 0: WebGL warning: uniform setter: No active linked Program.
JavaScript warning: , line 0: WebGL warning: drawArraysInstanced: The current program is not linked.
1660520150177	Marionette	INFO	Stopped listening on port 34017
console.warn: TopSitesFeed: Failed to fetch data from Contile server: NetworkError when attempting to fetch resource.
1660520157938	geckodriver	INFO	Listening on 127.0.0.1:51819
1660520157984	mozrunner::runner	INFO	Running command: "/usr/bin/firefox" "--marionette" "--remote-debugging-port" "34597" "--remote-allow-hosts" "localhost" "-no-remote" "-profile" "/tmp/rust_mozprofilewE00GV"
ATTENTION: default value of option mesa_glthread overridden by environment.
ATTENTION: default value of option mesa_glthread overridden by environment.
ATTENTION: default value of option mesa_glthread overridden by environment.
ATTENTION: default value of option mesa_glthread overridden by environment.
1660520158610	Marionette	INFO	Marionette enabled
1660520158616	Marionette	INFO	Listening on port 44527
WebDriver BiDi listening on ws://localhost:34597
Read port: 44527
1660520158731	RemoteAgent	WARN	TLS certificate errors will be ignored for this session
console.warn: SearchSettings: "get: No settings file exists, new profile?" (new NotFoundError("Could not open the file at /tmp/rust_mozprofilewE00GV/search.json.mozlz4", (void 0)))
DevTools listening on ws://localhost:34597/devtools/browser/28312052-70ba-48e8-951d-de383b8d90a5
JavaScript warning: https://deo.shopeemobile.com/shopee/web-sdk/js/live/7c5aa9417356a5b395aa8633026331d49ab5a001.js, line 1: WEBGL_debug_renderer_info is deprecated in Firefox and will be removed. Please use RENDERER.
JavaScript warning: , line 0: WebGL warning: linkProgram: Must have a compiled fragment shader attached: Missing shader.
JavaScript warning: , line 0: WebGL warning: uniform setter: No active linked Program.
JavaScript warning: https://deo.shopeemobile.com/shopee/web-sdk/js/live/7c5aa9417356a5b395aa8633026331d49ab5a001.js, line 1: WEBGL_debug_renderer_info is deprecated in Firefox and will be removed. Please use RENDERER.
JavaScript warning: , line 0: WebGL warning: linkProgram: Must have a compiled fragment shader attached: Missing shader.
JavaScript warning: , line 0: WebGL warning: uniform setter: No active linked Program.
[Parent 189335, Main Thread] WARNING: firefox has no capability of surrounding-text feature: 'glib warning', file /builds/worker/checkouts/gecko/toolkit/xre/nsSigHandlers.cpp:167

(firefox:189335): IBUS-WARNING **: 06:36:14.282: firefox has no capability of surrounding-text feature
JavaScript warning: https://deo.shopeemobile.com/shopee/shopee-pcmall-live-sg//assets/6645.d661b7b6b205f056.js, line 1: WEBGL_debug_renderer_info is deprecated in Firefox and will be removed. Please use RENDERER.
JavaScript warning: , line 0: WebGL warning: linkProgram: Must have a compiled fragment shader attached: Missing shader.
JavaScript warning: , line 0: WebGL warning: uniform setter: No active linked Program.
JavaScript warning: , line 0: WebGL warning: drawArraysInstanced: The current program is not linked.
1660520178471	Marionette	INFO	Stopped listening on port 44527
console.warn: TopSitesFeed: Failed to fetch data from Contile server: NetworkError when attempting to fetch resource.
1660520210329	geckodriver	INFO	Listening on 127.0.0.1:59167
1660520210376	mozrunner::runner	INFO	Running command: "/usr/bin/firefox" "--marionette" "--remote-debugging-port" "42499" "--remote-allow-hosts" "localhost" "-no-remote" "-profile" "/tmp/rust_mozprofileVun6lf"
ATTENTION: default value of option mesa_glthread overridden by environment.
ATTENTION: default value of option mesa_glthread overridden by environment.
ATTENTION: default value of option mesa_glthread overridden by environment.
ATTENTION: default value of option mesa_glthread overridden by environment.
1660520211009	Marionette	INFO	Marionette enabled
1660520211016	Marionette	INFO	Listening on port 37895
WebDriver BiDi listening on ws://localhost:42499
Read port: 37895
1660520211120	RemoteAgent	WARN	TLS certificate errors will be ignored for this session
console.warn: SearchSettings: "get: No settings file exists, new profile?" (new NotFoundError("Could not open the file at /tmp/rust_mozprofileVun6lf/search.json.mozlz4", (void 0)))
DevTools listening on ws://localhost:42499/devtools/browser/dca76527-815e-4114-8ae3-0f5ee828eb0f
JavaScript warning: https://deo.shopeemobile.com/shopee/web-sdk/js/live/7c5aa9417356a5b395aa8633026331d49ab5a001.js, line 1: WEBGL_debug_renderer_info is deprecated in Firefox and will be removed. Please use RENDERER.
JavaScript warning: , line 0: WebGL warning: linkProgram: Must have a compiled fragment shader attached: Missing shader.
JavaScript warning: , line 0: WebGL warning: uniform setter: No active linked Program.
JavaScript warning: https://deo.shopeemobile.com/shopee/web-sdk/js/live/7c5aa9417356a5b395aa8633026331d49ab5a001.js, line 1: WEBGL_debug_renderer_info is deprecated in Firefox and will be removed. Please use RENDERER.
JavaScript warning: , line 0: WebGL warning: linkProgram: Must have a compiled fragment shader attached: Missing shader.
JavaScript warning: , line 0: WebGL warning: uniform setter: No active linked Program.
[Parent 189925, Main Thread] WARNING: firefox has no capability of surrounding-text feature: 'glib warning', file /builds/worker/checkouts/gecko/toolkit/xre/nsSigHandlers.cpp:167

(firefox:189925): IBUS-WARNING **: 06:37:01.022: firefox has no capability of surrounding-text feature
JavaScript warning: https://deo.shopeemobile.com/shopee/shopee-pcmall-live-sg//assets/6645.d661b7b6b205f056.js, line 1: WEBGL_debug_renderer_info is deprecated in Firefox and will be removed. Please use RENDERER.
JavaScript warning: , line 0: WebGL warning: linkProgram: Must have a compiled fragment shader attached: Missing shader.
JavaScript warning: , line 0: WebGL warning: uniform setter: No active linked Program.
JavaScript warning: , line 0: WebGL warning: drawArraysInstanced: The current program is not linked.
1660520223376	Marionette	INFO	Stopped listening on port 37895
console.warn: TopSitesFeed: Failed to fetch data from Contile server: NetworkError when attempting to fetch resource.
1660520978567	geckodriver	INFO	Listening on 127.0.0.1:43567
1660520978613	mozrunner::runner	INFO	Running command: "/usr/bin/firefox" "--marionette" "--remote-debugging-port" "43915" "--remote-allow-hosts" "localhost" "-no-remote" "-profile" "/tmp/rust_mozprofilePNNu6d"
ATTENTION: default value of option mesa_glthread overridden by environment.
ATTENTION: default value of option mesa_glthread overridden by environment.
ATTENTION: default value of option mesa_glthread overridden by environment.
ATTENTION: default value of option mesa_glthread overridden by environment.
1660520979250	Marionette	INFO	Marionette enabled
1660520979255	Marionette	INFO	Listening on port 40241
WebDriver BiDi listening on ws://localhost:43915
Read port: 40241
1660520979369	RemoteAgent	WARN	TLS certificate errors will be ignored for this session
console.warn: SearchSettings: "get: No settings file exists, new profile?" (new NotFoundError("Could not open the file at /tmp/rust_mozprofilePNNu6d/search.json.mozlz4", (void 0)))
DevTools listening on ws://localhost:43915/devtools/browser/2ed17b12-a3e8-40f3-a4a6-5babb618c181
JavaScript error: https://deo.shopeemobile.com/shopee/shopee-pcmall-live-sg//assets/webpack-runtime.b2188200e9f2b58c.js, line 1: ChunkLoadError: Loading chunk 2897 failed.
(error: https://deo.shopeemobile.com/shopee/shopee-pcmall-live-sg//assets/sentry.e6359a91a8578bee.js)
JavaScript warning: https://deo.shopeemobile.com/shopee/web-sdk/js/live/7c5aa9417356a5b395aa8633026331d49ab5a001.js, line 1: WEBGL_debug_renderer_info is deprecated in Firefox and will be removed. Please use RENDERER.
JavaScript warning: , line 0: WebGL warning: linkProgram: Must have a compiled fragment shader attached: Missing shader.
JavaScript warning: , line 0: WebGL warning: uniform setter: No active linked Program.
[Parent 194947, Main Thread] WARNING: firefox has no capability of surrounding-text feature: 'glib warning', file /builds/worker/checkouts/gecko/toolkit/xre/nsSigHandlers.cpp:167

(firefox:194947): IBUS-WARNING **: 06:49:49.304: firefox has no capability of surrounding-text feature
JavaScript warning: https://deo.shopeemobile.com/shopee/shopee-pcmall-live-sg//assets/6645.d661b7b6b205f056.js, line 1: WEBGL_debug_renderer_info is deprecated in Firefox and will be removed. Please use RENDERER.
JavaScript warning: , line 0: WebGL warning: linkProgram: Must have a compiled fragment shader attached: Missing shader.
JavaScript warning: , line 0: WebGL warning: uniform setter: No active linked Program.
JavaScript warning: , line 0: WebGL warning: drawArraysInstanced: The current program is not linked.
[Parent 194947, Main Thread] WARNING: firefox has no capability of surrounding-text feature: 'glib warning', file /builds/worker/checkouts/gecko/toolkit/xre/nsSigHandlers.cpp:167

(firefox:194947): IBUS-WARNING **: 06:49:49.955: firefox has no capability of surrounding-text feature
1660520992165	Marionette	INFO	Stopped listening on port 40241
1660521024440	geckodriver	INFO	Listening on 127.0.0.1:45047
1660521024484	mozrunner::runner	INFO	Running command: "/usr/bin/firefox" "--marionette" "--remote-debugging-port" "54207" "--remote-allow-hosts" "localhost" "-no-remote" "-profile" "/tmp/rust_mozprofileD6Nu4R"
ATTENTION: default value of option mesa_glthread overridden by environment.
ATTENTION: default value of option mesa_glthread overridden by environment.
ATTENTION: default value of option mesa_glthread overridden by environment.
ATTENTION: default value of option mesa_glthread overridden by environment.
1660521025103	Marionette	INFO	Marionette enabled
1660521025108	Marionette	INFO	Listening on port 43573
WebDriver BiDi listening on ws://localhost:54207
Read port: 43573
1660521025341	RemoteAgent	WARN	TLS certificate errors will be ignored for this session
console.warn: SearchSettings: "get: No settings file exists, new profile?" (new NotFoundError("Could not open the file at /tmp/rust_mozprofileD6Nu4R/search.json.mozlz4", (void 0)))
DevTools listening on ws://localhost:54207/devtools/browser/f97f69e7-f2e5-4ede-adc1-a444fbb19b6d
JavaScript warning: https://deo.shopeemobile.com/shopee/web-sdk/js/live/7c5aa9417356a5b395aa8633026331d49ab5a001.js, line 1: WEBGL_debug_renderer_info is deprecated in Firefox and will be removed. Please use RENDERER.
JavaScript warning: , line 0: WebGL warning: linkProgram: Must have a compiled fragment shader attached: Missing shader.
JavaScript warning: , line 0: WebGL warning: uniform setter: No active linked Program.
[Parent 195499, Main Thread] WARNING: firefox has no capability of surrounding-text feature: 'glib warning', file /builds/worker/checkouts/gecko/toolkit/xre/nsSigHandlers.cpp:167

(firefox:195499): IBUS-WARNING **: 06:50:33.910: firefox has no capability of surrounding-text feature
JavaScript warning: https://deo.shopeemobile.com/shopee/shopee-pcmall-live-sg//assets/6645.d661b7b6b205f056.js, line 1: WEBGL_debug_renderer_info is deprecated in Firefox and will be removed. Please use RENDERER.
JavaScript warning: , line 0: WebGL warning: linkProgram: Must have a compiled fragment shader attached: Missing shader.
JavaScript warning: , line 0: WebGL warning: uniform setter: No active linked Program.
JavaScript warning: , line 0: WebGL warning: drawArraysInstanced: The current program is not linked.
[Parent 195499, Main Thread] WARNING: firefox has no capability of surrounding-text feature: 'glib warning', file /builds/worker/checkouts/gecko/toolkit/xre/nsSigHandlers.cpp:167

(firefox:195499): IBUS-WARNING **: 06:50:34.267: firefox has no capability of surrounding-text feature
JavaScript warning: https://deo.shopeemobile.com/shopee/web-sdk/js/live/7c5aa9417356a5b395aa8633026331d49ab5a001.js, line 1: WEBGL_debug_renderer_info is deprecated in Firefox and will be removed. Please use RENDERER.
JavaScript warning: , line 0: WebGL warning: linkProgram: Must have a compiled fragment shader attached: Missing shader.
JavaScript warning: , line 0: WebGL warning: uniform setter: No active linked Program.
JavaScript error: resource://gre/modules/LoginManagerChild.jsm, line 111: NS_NOINTERFACE: Component returned failure code: 0x80004002 (NS_NOINTERFACE) [nsIWebProgress.DOMWindow]
JavaScript error: resource://gre/modules/LoginManagerChild.jsm, line 111: NS_NOINTERFACE: Component returned failure code: 0x80004002 (NS_NOINTERFACE) [nsIWebProgress.DOMWindow]
JavaScript warning: https://deo.shopeemobile.com/shopee/shopee-seller-live-vn/chateasy/vendors.0f485567.51dc4295ec71764924bb.js, line 2: WEBGL_debug_renderer_info is deprecated in Firefox and will be removed. Please use RENDERER.
JavaScript warning: https://deo.shopeemobile.com/shopee/shopee-seller-live-vn/chateasy/vendors.0f485567.51dc4295ec71764924bb.js, line 2: WEBGL_debug_renderer_info is deprecated in Firefox and will be removed. Please use RENDERER.
JavaScript warning: https://deo.shopeemobile.com/shopee/shopee-seller-live-vn/chateasy/vendors.0f485567.51dc4295ec71764924bb.js, line 2: WEBGL_debug_renderer_info is deprecated in Firefox and will be removed. Please use RENDERER.
JavaScript warning: , line 0: WebGL warning: linkProgram: Must have a compiled fragment shader attached: Missing shader.
JavaScript warning: , line 0: WebGL warning: uniform setter: No active linked Program.
JavaScript warning: , line 0: WebGL warning: drawArraysInstanced: The current program is not linked.
JavaScript error: resource://gre/modules/LoginManagerChild.jsm, line 111: NS_NOINTERFACE: Component returned failure code: 0x80004002 (NS_NOINTERFACE) [nsIWebProgress.DOMWindow]
JavaScript error: resource://gre/modules/LoginManagerChild.jsm, line 111: NS_NOINTERFACE: Component returned failure code: 0x80004002 (NS_NOINTERFACE) [nsIWebProgress.DOMWindow]
JavaScript error: resource://gre/modules/LoginManagerChild.jsm, line 111: NS_NOINTERFACE: Component returned failure code: 0x80004002 (NS_NOINTERFACE) [nsIWebProgress.DOMWindow]
JavaScript error: resource://gre/modules/LoginManagerChild.jsm, line 111: NS_NOINTERFACE: Component returned failure code: 0x80004002 (NS_NOINTERFACE) [nsIWebProgress.DOMWindow]
1660521046648	Marionette	INFO	Stopped listening on port 43573
console.warn: TopSitesFeed: Failed to fetch data from Contile server: NetworkError when attempting to fetch resource.
1660521110921	geckodriver	INFO	Listening on 127.0.0.1:57563
1660521110969	mozrunner::runner	INFO	Running command: "/usr/bin/firefox" "--marionette" "--remote-debugging-port" "42335" "--remote-allow-hosts" "localhost" "-no-remote" "-profile" "/tmp/rust_mozprofilebqeGOD"
ATTENTION: default value of option mesa_glthread overridden by environment.
ATTENTION: default value of option mesa_glthread overridden by environment.
ATTENTION: default value of option mesa_glthread overridden by environment.
ATTENTION: default value of option mesa_glthread overridden by environment.
1660521111614	Marionette	INFO	Marionette enabled
1660521111618	Marionette	INFO	Listening on port 37765
WebDriver BiDi listening on ws://localhost:42335
Read port: 37765
1660521111721	RemoteAgent	WARN	TLS certificate errors will be ignored for this session
console.warn: SearchSettings: "get: No settings file exists, new profile?" (new NotFoundError("Could not open the file at /tmp/rust_mozprofilebqeGOD/search.json.mozlz4", (void 0)))
DevTools listening on ws://localhost:42335/devtools/browser/ea367d00-401b-4145-8add-d1fb60cc33a1
JavaScript warning: https://deo.shopeemobile.com/shopee/web-sdk/js/live/7c5aa9417356a5b395aa8633026331d49ab5a001.js, line 1: WEBGL_debug_renderer_info is deprecated in Firefox and will be removed. Please use RENDERER.
JavaScript warning: , line 0: WebGL warning: linkProgram: Must have a compiled fragment shader attached: Missing shader.
JavaScript warning: , line 0: WebGL warning: uniform setter: No active linked Program.
[Parent 196294, Main Thread] WARNING: firefox has no capability of surrounding-text feature: 'glib warning', file /builds/worker/checkouts/gecko/toolkit/xre/nsSigHandlers.cpp:167

(firefox:196294): IBUS-WARNING **: 06:52:00.247: firefox has no capability of surrounding-text feature
JavaScript warning: https://deo.shopeemobile.com/shopee/shopee-pcmall-live-sg//assets/6645.d661b7b6b205f056.js, line 1: WEBGL_debug_renderer_info is deprecated in Firefox and will be removed. Please use RENDERER.
JavaScript warning: , line 0: WebGL warning: linkProgram: Must have a compiled fragment shader attached: Missing shader.
JavaScript warning: , line 0: WebGL warning: uniform setter: No active linked Program.
JavaScript warning: , line 0: WebGL warning: drawArraysInstanced: The current program is not linked.
[Parent 196294, Main Thread] WARNING: firefox has no capability of surrounding-text feature: 'glib warning', file /builds/worker/checkouts/gecko/toolkit/xre/nsSigHandlers.cpp:167

(firefox:196294): IBUS-WARNING **: 06:52:00.708: firefox has no capability of surrounding-text feature
JavaScript warning: https://deo.shopeemobile.com/shopee/web-sdk/js/live/7c5aa9417356a5b395aa8633026331d49ab5a001.js, line 1: WEBGL_debug_renderer_info is deprecated in Firefox and will be removed. Please use RENDERER.
JavaScript error: resource://gre/modules/LoginManagerChild.jsm, line 111: NS_NOINTERFACE: Component returned failure code: 0x80004002 (NS_NOINTERFACE) [nsIWebProgress.DOMWindow]
JavaScript warning: , line 0: WebGL warning: linkProgram: Must have a compiled fragment shader attached: Missing shader.
JavaScript warning: , line 0: WebGL warning: uniform setter: No active linked Program.
JavaScript error: resource://gre/modules/LoginManagerChild.jsm, line 111: NS_NOINTERFACE: Component returned failure code: 0x80004002 (NS_NOINTERFACE) [nsIWebProgress.DOMWindow]
JavaScript warning: https://deo.shopeemobile.com/shopee/shopee-seller-live-vn/chateasy/vendors.0f485567.51dc4295ec71764924bb.js, line 2: WEBGL_debug_renderer_info is deprecated in Firefox and will be removed. Please use RENDERER.
JavaScript warning: https://deo.shopeemobile.com/shopee/shopee-seller-live-vn/chateasy/vendors.0f485567.51dc4295ec71764924bb.js, line 2: WEBGL_debug_renderer_info is deprecated in Firefox and will be removed. Please use RENDERER.
JavaScript warning: https://deo.shopeemobile.com/shopee/shopee-seller-live-vn/chateasy/vendors.0f485567.51dc4295ec71764924bb.js, line 2: WEBGL_debug_renderer_info is deprecated in Firefox and will be removed. Please use RENDERER.
JavaScript warning: , line 0: WebGL warning: linkProgram: Must have a compiled fragment shader attached: Missing shader.
JavaScript warning: , line 0: WebGL warning: uniform setter: No active linked Program.
JavaScript warning: , line 0: WebGL warning: drawArraysInstanced: The current program is not linked.
JavaScript error: resource://gre/modules/LoginManagerChild.jsm, line 111: NS_NOINTERFACE: Component returned failure code: 0x80004002 (NS_NOINTERFACE) [nsIWebProgress.DOMWindow]
JavaScript error: resource://gre/modules/LoginManagerChild.jsm, line 111: NS_NOINTERFACE: Component returned failure code: 0x80004002 (NS_NOINTERFACE) [nsIWebProgress.DOMWindow]
JavaScript error: resource://gre/modules/LoginManagerChild.jsm, line 111: NS_NOINTERFACE: Component returned failure code: 0x80004002 (NS_NOINTERFACE) [nsIWebProgress.DOMWindow]
JavaScript error: resource://gre/modules/LoginManagerChild.jsm, line 111: NS_NOINTERFACE: Component returned failure code: 0x80004002 (NS_NOINTERFACE) [nsIWebProgress.DOMWindow]
1660521128201	Marionette	INFO	Stopped listening on port 37765
1661561884998	geckodriver	INFO	Listening on 127.0.0.1:51091
1661561885108	mozrunner::runner	INFO	Running command: "/usr/bin/firefox" "--marionette" "--remote-debugging-port" "42067" "--remote-allow-hosts" "localhost" "-no-remote" "-profile" "/tmp/rust_mozprofilegw515O"
ATTENTION: default value of option mesa_glthread overridden by environment.
ATTENTION: default value of option mesa_glthread overridden by environment.
ATTENTION: default value of option mesa_glthread overridden by environment.
ATTENTION: default value of option mesa_glthread overridden by environment.
1661561885831	Marionette	INFO	Marionette enabled
1661561885835	Marionette	INFO	Listening on port 42083
WebDriver BiDi listening on ws://localhost:42067
Read port: 42083
1661561885975	RemoteAgent	WARN	TLS certificate errors will be ignored for this session
console.warn: SearchSettings: "get: No settings file exists, new profile?" (new NotFoundError("Could not open the file at /tmp/rust_mozprofilegw515O/search.json.mozlz4", (void 0)))
DevTools listening on ws://localhost:42067/devtools/browser/1c09aacf-10c1-4f92-a3f2-13ba6cfb0f4e
JavaScript warning: https://deo.shopeemobile.com/shopee/web-sdk/js/live/7c5aa9417356a5b395aa8633026331d49ab5a001.js, line 1: WEBGL_debug_renderer_info is deprecated in Firefox and will be removed. Please use RENDERER.
JavaScript warning: , line 0: WebGL warning: linkProgram: Must have a compiled fragment shader attached: Missing shader.
JavaScript warning: , line 0: WebGL warning: uniform setter: No active linked Program.
[Parent 164027, Main Thread] WARNING: firefox has no capability of surrounding-text feature: 'glib warning', file /builds/worker/checkouts/gecko/toolkit/xre/nsSigHandlers.cpp:167

(firefox:164027): IBUS-WARNING **: 07:58:12.434: firefox has no capability of surrounding-text feature
JavaScript warning: https://deo.shopeemobile.com/shopee/shopee-pcmall-live-sg//assets/6645.d661b7b6b205f056.js, line 1: WEBGL_debug_renderer_info is deprecated in Firefox and will be removed. Please use RENDERER.
JavaScript warning: , line 0: WebGL warning: linkProgram: Must have a compiled fragment shader attached: Missing shader.
JavaScript warning: , line 0: WebGL warning: uniform setter: No active linked Program.
JavaScript warning: , line 0: WebGL warning: drawArraysInstanced: The current program is not linked.
[Parent 164027, Main Thread] WARNING: firefox has no capability of surrounding-text feature: 'glib warning', file /builds/worker/checkouts/gecko/toolkit/xre/nsSigHandlers.cpp:167

(firefox:164027): IBUS-WARNING **: 07:58:12.867: firefox has no capability of surrounding-text feature
JavaScript warning: https://deo.shopeemobile.com/shopee/web-sdk/js/live/7c5aa9417356a5b395aa8633026331d49ab5a001.js, line 1: WEBGL_debug_renderer_info is deprecated in Firefox and will be removed. Please use RENDERER.
JavaScript warning: , line 0: WebGL warning: linkProgram: Must have a compiled fragment shader attached: Missing shader.
JavaScript warning: , line 0: WebGL warning: uniform setter: No active linked Program.
JavaScript error: resource://gre/modules/LoginManagerChild.jsm, line 111: NS_NOINTERFACE: Component returned failure code: 0x80004002 (NS_NOINTERFACE) [nsIWebProgress.DOMWindow]
JavaScript error: resource://gre/modules/LoginManagerChild.jsm, line 111: NS_NOINTERFACE: Component returned failure code: 0x80004002 (NS_NOINTERFACE) [nsIWebProgress.DOMWindow]
JavaScript error: resource://gre/modules/LoginManagerChild.jsm, line 111: NS_NOINTERFACE: Component returned failure code: 0x80004002 (NS_NOINTERFACE) [nsIWebProgress.DOMWindow]
JavaScript error: resource://gre/modules/LoginManagerChild.jsm, line 111: NS_NOINTERFACE: Component returned failure code: 0x80004002 (NS_NOINTERFACE) [nsIWebProgress.DOMWindow]
JavaScript error: resource://gre/modules/LoginManagerChild.jsm, line 111: NS_NOINTERFACE: Component returned failure code: 0x80004002 (NS_NOINTERFACE) [nsIWebProgress.DOMWindow]
JavaScript error: resource://gre/modules/LoginManagerChild.jsm, line 111: NS_NOINTERFACE: Component returned failure code: 0x80004002 (NS_NOINTERFACE) [nsIWebProgress.DOMWindow]
JavaScript warning: https://deo.shopeemobile.com/shopee/shopee-seller-live-vn/chateasy/vendors.0f485567.1c4b5cccd6de4a6e0a7d.js, line 2: WEBGL_debug_renderer_info is deprecated in Firefox and will be removed. Please use RENDERER.
JavaScript warning: https://deo.shopeemobile.com/shopee/shopee-seller-live-vn/chateasy/vendors.0f485567.1c4b5cccd6de4a6e0a7d.js, line 2: WEBGL_debug_renderer_info is deprecated in Firefox and will be removed. Please use RENDERER.
JavaScript warning: https://deo.shopeemobile.com/shopee/shopee-seller-live-vn/chateasy/vendors.0f485567.1c4b5cccd6de4a6e0a7d.js, line 2: WEBGL_debug_renderer_info is deprecated in Firefox and will be removed. Please use RENDERER.
JavaScript warning: , line 0: WebGL warning: linkProgram: Must have a compiled fragment shader attached: Missing shader.
JavaScript warning: , line 0: WebGL warning: uniform setter: No active linked Program.
JavaScript warning: , line 0: WebGL warning: drawArraysInstanced: The current program is not linked.
JavaScript error: resource://gre/modules/LoginManagerChild.jsm, line 111: NS_NOINTERFACE: Component returned failure code: 0x80004002 (NS_NOINTERFACE) [nsIWebProgress.DOMWindow]
JavaScript error: resource://gre/modules/LoginManagerChild.jsm, line 111: NS_NOINTERFACE: Component returned failure code: 0x80004002 (NS_NOINTERFACE) [nsIWebProgress.DOMWindow]
1661561899771	Marionette	INFO	Stopped listening on port 42083
1661561910119	geckodriver	INFO	Listening on 127.0.0.1:56537
1661561910167	mozrunner::runner	INFO	Running command: "/usr/bin/firefox" "--marionette" "--remote-debugging-port" "49241" "--remote-allow-hosts" "localhost" "-no-remote" "-profile" "/tmp/rust_mozprofileTnkvFb"
ATTENTION: default value of option mesa_glthread overridden by environment.
ATTENTION: default value of option mesa_glthread overridden by environment.
ATTENTION: default value of option mesa_glthread overridden by environment.
ATTENTION: default value of option mesa_glthread overridden by environment.
1661561910834	Marionette	INFO	Marionette enabled
1661561910839	Marionette	INFO	Listening on port 40187
WebDriver BiDi listening on ws://localhost:49241
Read port: 40187
1661561910954	RemoteAgent	WARN	TLS certificate errors will be ignored for this session
console.warn: SearchSettings: "get: No settings file exists, new profile?" (new NotFoundError("Could not open the file at /tmp/rust_mozprofileTnkvFb/search.json.mozlz4", (void 0)))
DevTools listening on ws://localhost:49241/devtools/browser/90212845-2e0d-49d4-b9f4-daaff7ac0853
JavaScript error: https://deo.shopeemobile.com/shopee/shopee-trackingsdk-live-sg/require-trackingsdk.js, line 9: Error: Script error for "https://deo.shopeemobile.com/shopee/shopee-trackingsdk-live-sg/amd/@shopee/tracking-ubt@28c0055.min.js"
https://requirejs.org/docs/errors.html#scripterror
JavaScript error: https://deo.shopeemobile.com/shopee/shopee-trackingsdk-live-sg/require-trackingsdk.js, line 9: Error: Script error for "https://deo.shopeemobile.com/shopee/shopee-trackingsdk-live-sg/amd/@shopee/tracking-algo@28c0055.min.js"
https://requirejs.org/docs/errors.html#scripterror
JavaScript warning: https://deo.shopeemobile.com/shopee/web-sdk/js/live/7c5aa9417356a5b395aa8633026331d49ab5a001.js, line 1: WEBGL_debug_renderer_info is deprecated in Firefox and will be removed. Please use RENDERER.
JavaScript warning: , line 0: WebGL warning: linkProgram: Must have a compiled fragment shader attached: Missing shader.
JavaScript warning: , line 0: WebGL warning: uniform setter: No active linked Program.
[Parent 164583, Main Thread] WARNING: firefox has no capability of surrounding-text feature: 'glib warning', file /builds/worker/checkouts/gecko/toolkit/xre/nsSigHandlers.cpp:167

(firefox:164583): IBUS-WARNING **: 07:58:37.424: firefox has no capability of surrounding-text feature
JavaScript warning: https://deo.shopeemobile.com/shopee/shopee-pcmall-live-sg//assets/6645.d661b7b6b205f056.js, line 1: WEBGL_debug_renderer_info is deprecated in Firefox and will be removed. Please use RENDERER.
JavaScript warning: , line 0: WebGL warning: linkProgram: Must have a compiled fragment shader attached: Missing shader.
JavaScript warning: , line 0: WebGL warning: uniform setter: No active linked Program.
JavaScript warning: , line 0: WebGL warning: drawArraysInstanced: The current program is not linked.
[Parent 164583, Main Thread] WARNING: firefox has no capability of surrounding-text feature: 'glib warning', file /builds/worker/checkouts/gecko/toolkit/xre/nsSigHandlers.cpp:167

(firefox:164583): IBUS-WARNING **: 07:58:37.973: firefox has no capability of surrounding-text feature
JavaScript error: resource://gre/modules/LoginManagerChild.jsm, line 111: NS_NOINTERFACE: Component returned failure code: 0x80004002 (NS_NOINTERFACE) [nsIWebProgress.DOMWindow]
JavaScript error: resource://gre/modules/LoginManagerChild.jsm, line 111: NS_NOINTERFACE: Component returned failure code: 0x80004002 (NS_NOINTERFACE) [nsIWebProgress.DOMWindow]
JavaScript warning: https://deo.shopeemobile.com/shopee/web-sdk/js/live/7c5aa9417356a5b395aa8633026331d49ab5a001.js, line 1: WEBGL_debug_renderer_info is deprecated in Firefox and will be removed. Please use RENDERER.
JavaScript warning: , line 0: WebGL warning: linkProgram: Must have a compiled fragment shader attached: Missing shader.
JavaScript warning: , line 0: WebGL warning: uniform setter: No active linked Program.
1661561924632	Marionette	INFO	Stopped listening on port 40187
1661739024792	geckodriver	INFO	Listening on 127.0.0.1:42271
1661739024847	mozrunner::runner	INFO	Running command: "/usr/bin/firefox" "--marionette" "--remote-debugging-port" "36805" "--remote-allow-hosts" "localhost" "-no-remote" "-profile" "/tmp/rust_mozprofileCQKJbb"
ATTENTION: default value of option mesa_glthread overridden by environment.
ATTENTION: default value of option mesa_glthread overridden by environment.
ATTENTION: default value of option mesa_glthread overridden by environment.
ATTENTION: default value of option mesa_glthread overridden by environment.
1661739026161	Marionette	INFO	Marionette enabled
1661739026165	Marionette	INFO	Listening on port 35999
WebDriver BiDi listening on ws://localhost:36805
Read port: 35999
1661739026432	RemoteAgent	WARN	TLS certificate errors will be ignored for this session
console.warn: SearchSettings: "get: No settings file exists, new profile?" (new NotFoundError("Could not open the file at /tmp/rust_mozprofileCQKJbb/search.json.mozlz4", (void 0)))
DevTools listening on ws://localhost:36805/devtools/browser/ec256fc1-6f05-40be-86e2-5ac837010be3
1661739031103	Marionette	INFO	Stopped listening on port 35999
console.warn: TopSitesFeed: Failed to fetch data from Contile server: NetworkError when attempting to fetch resource.
1661739063784	geckodriver	INFO	Listening on 127.0.0.1:55675
1661739063844	mozrunner::runner	INFO	Running command: "/usr/bin/firefox" "--marionette" "--remote-debugging-port" "52469" "--remote-allow-hosts" "localhost" "-no-remote" "-profile" "/tmp/rust_mozprofileutdvqb"
ATTENTION: default value of option mesa_glthread overridden by environment.
ATTENTION: default value of option mesa_glthread overridden by environment.
ATTENTION: default value of option mesa_glthread overridden by environment.
ATTENTION: default value of option mesa_glthread overridden by environment.
1661739065150	Marionette	INFO	Marionette enabled
1661739065158	Marionette	INFO	Listening on port 35919
WebDriver BiDi listening on ws://localhost:52469
Read port: 35919
1661739065343	RemoteAgent	WARN	TLS certificate errors will be ignored for this session
console.warn: SearchSettings: "get: No settings file exists, new profile?" (new NotFoundError("Could not open the file at /tmp/rust_mozprofileutdvqb/search.json.mozlz4", (void 0)))
DevTools listening on ws://localhost:52469/devtools/browser/139ab11a-5f9a-4a23-b0d5-9a40953d1f77
1661739068400	Marionette	INFO	Stopped listening on port 35919
console.warn: TopSitesFeed: Failed to fetch data from Contile server: NetworkError when attempting to fetch resource.
1661739090718	geckodriver	INFO	Listening on 127.0.0.1:43383
1661739090779	mozrunner::runner	INFO	Running command: "/usr/bin/firefox" "--marionette" "--remote-debugging-port" "38391" "--remote-allow-hosts" "localhost" "-no-remote" "-profile" "/tmp/rust_mozprofilec2sD8K"
ATTENTION: default value of option mesa_glthread overridden by environment.
ATTENTION: default value of option mesa_glthread overridden by environment.
ATTENTION: default value of option mesa_glthread overridden by environment.
ATTENTION: default value of option mesa_glthread overridden by environment.
1661739091844	Marionette	INFO	Marionette enabled
1661739091850	Marionette	INFO	Listening on port 39493
WebDriver BiDi listening on ws://localhost:38391
Read port: 39493
1661739092021	RemoteAgent	WARN	TLS certificate errors will be ignored for this session
console.warn: SearchSettings: "get: No settings file exists, new profile?" (new NotFoundError("Could not open the file at /tmp/rust_mozprofilec2sD8K/search.json.mozlz4", (void 0)))
DevTools listening on ws://localhost:38391/devtools/browser/8cc2ed81-bc94-4233-91d1-6b23d0451ac5
1661739094686	Marionette	INFO	Stopped listening on port 39493
console.warn: TopSitesFeed: Failed to fetch data from Contile server: NetworkError when attempting to fetch resource.
1661739095614	geckodriver::marionette	ERROR	Failed to close browser connection: Socket not connected (os error 107)
[2022-08-29T02:11:35Z ERROR glean_core] Can't persist ping lifetime data: Error { kind: Rkv(IoError(Os { code: 2, kind: NotFound, message: "No such file or directory" })) }
1661739149900	geckodriver	INFO	Listening on 127.0.0.1:41457
1661739149954	mozrunner::runner	INFO	Running command: "/usr/bin/firefox" "--marionette" "--remote-debugging-port" "41615" "--remote-allow-hosts" "localhost" "-no-remote" "-profile" "/tmp/rust_mozprofile0Fn1k8"
ATTENTION: default value of option mesa_glthread overridden by environment.
ATTENTION: default value of option mesa_glthread overridden by environment.
ATTENTION: default value of option mesa_glthread overridden by environment.
ATTENTION: default value of option mesa_glthread overridden by environment.
1661739150596	Marionette	INFO	Marionette enabled
1661739150600	Marionette	INFO	Listening on port 46697
WebDriver BiDi listening on ws://localhost:41615
Read port: 46697
1661739150717	RemoteAgent	WARN	TLS certificate errors will be ignored for this session
console.warn: SearchSettings: "get: No settings file exists, new profile?" (new NotFoundError("Could not open the file at /tmp/rust_mozprofile0Fn1k8/search.json.mozlz4", (void 0)))
DevTools listening on ws://localhost:41615/devtools/browser/8273646c-5eaa-4beb-8c13-c45e6fa627da
JavaScript warning: https://deo.shopeemobile.com/shopee/web-sdk/js/live/7c5aa9417356a5b395aa8633026331d49ab5a001.js, line 1: WEBGL_debug_renderer_info is deprecated in Firefox and will be removed. Please use RENDERER.
JavaScript warning: , line 0: WebGL warning: linkProgram: Must have a compiled fragment shader attached: Missing shader.
JavaScript warning: , line 0: WebGL warning: uniform setter: No active linked Program.
[Parent 474687, Main Thread] WARNING: firefox has no capability of surrounding-text feature: 'glib warning', file /builds/worker/checkouts/gecko/toolkit/xre/nsSigHandlers.cpp:167

(firefox:474687): IBUS-WARNING **: 09:12:37.917: firefox has no capability of surrounding-text feature
JavaScript warning: https://deo.shopeemobile.com/shopee/shopee-pcmall-live-sg//assets/6645.d661b7b6b205f056.js, line 1: WEBGL_debug_renderer_info is deprecated in Firefox and will be removed. Please use RENDERER.
JavaScript warning: , line 0: WebGL warning: linkProgram: Must have a compiled fragment shader attached: Missing shader.
JavaScript warning: , line 0: WebGL warning: uniform setter: No active linked Program.
JavaScript warning: , line 0: WebGL warning: drawArraysInstanced: The current program is not linked.
[Parent 474687, Main Thread] WARNING: firefox has no capability of surrounding-text feature: 'glib warning', file /builds/worker/checkouts/gecko/toolkit/xre/nsSigHandlers.cpp:167

(firefox:474687): IBUS-WARNING **: 09:12:38.310: firefox has no capability of surrounding-text feature
JavaScript warning: https://deo.shopeemobile.com/shopee/web-sdk/js/live/7c5aa9417356a5b395aa8633026331d49ab5a001.js, line 1: WEBGL_debug_renderer_info is deprecated in Firefox and will be removed. Please use RENDERER.
JavaScript warning: , line 0: WebGL warning: linkProgram: Must have a compiled fragment shader attached: Missing shader.
JavaScript warning: , line 0: WebGL warning: uniform setter: No active linked Program.
JavaScript error: resource://gre/modules/LoginManagerChild.jsm, line 111: NS_NOINTERFACE: Component returned failure code: 0x80004002 (NS_NOINTERFACE) [nsIWebProgress.DOMWindow]
JavaScript error: resource://gre/modules/LoginManagerChild.jsm, line 111: NS_NOINTERFACE: Component returned failure code: 0x80004002 (NS_NOINTERFACE) [nsIWebProgress.DOMWindow]
JavaScript warning: https://deo.shopeemobile.com/shopee/shopee-seller-live-vn/chateasy/vendors.0f485567.1c4b5cccd6de4a6e0a7d.js, line 2: WEBGL_debug_renderer_info is deprecated in Firefox and will be removed. Please use RENDERER.
JavaScript warning: https://deo.shopeemobile.com/shopee/shopee-seller-live-vn/chateasy/vendors.0f485567.1c4b5cccd6de4a6e0a7d.js, line 2: WEBGL_debug_renderer_info is deprecated in Firefox and will be removed. Please use RENDERER.
JavaScript warning: https://deo.shopeemobile.com/shopee/shopee-seller-live-vn/chateasy/vendors.0f485567.1c4b5cccd6de4a6e0a7d.js, line 2: WEBGL_debug_renderer_info is deprecated in Firefox and will be removed. Please use RENDERER.
JavaScript warning: , line 0: WebGL warning: linkProgram: Must have a compiled fragment shader attached: Missing shader.
JavaScript warning: , line 0: WebGL warning: uniform setter: No active linked Program.
JavaScript warning: , line 0: WebGL warning: drawArraysInstanced: The current program is not linked.
JavaScript error: resource://gre/modules/LoginManagerChild.jsm, line 111: NS_NOINTERFACE: Component returned failure code: 0x80004002 (NS_NOINTERFACE) [nsIWebProgress.DOMWindow]
JavaScript error: resource://gre/modules/LoginManagerChild.jsm, line 111: NS_NOINTERFACE: Component returned failure code: 0x80004002 (NS_NOINTERFACE) [nsIWebProgress.DOMWindow]
JavaScript error: resource://gre/modules/LoginManagerChild.jsm, line 111: NS_NOINTERFACE: Component returned failure code: 0x80004002 (NS_NOINTERFACE) [nsIWebProgress.DOMWindow]
JavaScript error: resource://gre/modules/LoginManagerChild.jsm, line 111: NS_NOINTERFACE: Component returned failure code: 0x80004002 (NS_NOINTERFACE) [nsIWebProgress.DOMWindow]
1661739165617	Marionette	INFO	Stopped listening on port 46697
1662201602725	geckodriver	INFO	Listening on 127.0.0.1:59095
1662201604187	mozrunner::runner	INFO	Running command: "/usr/bin/firefox" "--marionette" "--remote-debugging-port" "50463" "--remote-allow-hosts" "localhost" "-no-remote" "-profile" "/tmp/rust_mozprofilexFxHm8"
ATTENTION: default value of option mesa_glthread overridden by environment.
ATTENTION: default value of option mesa_glthread overridden by environment.
ATTENTION: default value of option mesa_glthread overridden by environment.
ATTENTION: default value of option mesa_glthread overridden by environment.
1662201604858	Marionette	INFO	Marionette enabled
1662201604865	Marionette	INFO	Listening on port 32823
WebDriver BiDi listening on ws://localhost:50463
Read port: 32823
1662201604969	RemoteAgent	WARN	TLS certificate errors will be ignored for this session
console.warn: SearchSettings: "get: No settings file exists, new profile?" (new NotFoundError("Could not open the file at /tmp/rust_mozprofilexFxHm8/search.json.mozlz4", (void 0)))
DevTools listening on ws://localhost:50463/devtools/browser/9fac3838-ad19-4124-9cd3-828441540d1b
JavaScript warning: https://deo.shopeemobile.com/shopee/web-sdk/js/live/c2e428f12042bcff8cb738b0dce50f694da6a74c.js, line 1: WEBGL_debug_renderer_info is deprecated in Firefox and will be removed. Please use RENDERER.
JavaScript warning: , line 0: WebGL warning: linkProgram: Must have a compiled fragment shader attached: Missing shader.
JavaScript warning: , line 0: WebGL warning: uniform setter: No active linked Program.
[Parent 1543623, Main Thread] WARNING: firefox has no capability of surrounding-text feature: 'glib warning', file /builds/worker/checkouts/gecko/toolkit/xre/nsSigHandlers.cpp:167

(firefox:1543623): IBUS-WARNING **: 17:40:12.597: firefox has no capability of surrounding-text feature
JavaScript warning: https://deo.shopeemobile.com/shopee/shopee-pcmall-live-sg//assets/6645.d661b7b6b205f056.js, line 1: WEBGL_debug_renderer_info is deprecated in Firefox and will be removed. Please use RENDERER.
JavaScript warning: , line 0: WebGL warning: linkProgram: Must have a compiled fragment shader attached: Missing shader.
JavaScript warning: , line 0: WebGL warning: uniform setter: No active linked Program.
JavaScript warning: , line 0: WebGL warning: drawArraysInstanced: The current program is not linked.
[Parent 1543623, Main Thread] WARNING: firefox has no capability of surrounding-text feature: 'glib warning', file /builds/worker/checkouts/gecko/toolkit/xre/nsSigHandlers.cpp:167

(firefox:1543623): IBUS-WARNING **: 17:40:12.908: firefox has no capability of surrounding-text feature
JavaScript warning: https://deo.shopeemobile.com/shopee/web-sdk/js/live/c2e428f12042bcff8cb738b0dce50f694da6a74c.js, line 1: WEBGL_debug_renderer_info is deprecated in Firefox and will be removed. Please use RENDERER.
JavaScript warning: , line 0: WebGL warning: linkProgram: Must have a compiled fragment shader attached: Missing shader.
JavaScript warning: , line 0: WebGL warning: uniform setter: No active linked Program.
JavaScript error: resource://gre/modules/LoginManagerChild.jsm, line 111: NS_NOINTERFACE: Component returned failure code: 0x80004002 (NS_NOINTERFACE) [nsIWebProgress.DOMWindow]
JavaScript error: resource://gre/modules/LoginManagerChild.jsm, line 111: NS_NOINTERFACE: Component returned failure code: 0x80004002 (NS_NOINTERFACE) [nsIWebProgress.DOMWindow]
JavaScript warning: https://deo.shopeemobile.com/shopee/shopee-seller-live-vn/chateasy/vendors.0f485567.1c4b5cccd6de4a6e0a7d.js, line 2: WEBGL_debug_renderer_info is deprecated in Firefox and will be removed. Please use RENDERER.
JavaScript warning: https://deo.shopeemobile.com/shopee/shopee-seller-live-vn/chateasy/vendors.0f485567.1c4b5cccd6de4a6e0a7d.js, line 2: WEBGL_debug_renderer_info is deprecated in Firefox and will be removed. Please use RENDERER.
JavaScript warning: https://deo.shopeemobile.com/shopee/shopee-seller-live-vn/chateasy/vendors.0f485567.1c4b5cccd6de4a6e0a7d.js, line 2: WEBGL_debug_renderer_info is deprecated in Firefox and will be removed. Please use RENDERER.
JavaScript warning: , line 0: WebGL warning: linkProgram: Must have a compiled fragment shader attached: Missing shader.
JavaScript warning: , line 0: WebGL warning: uniform setter: No active linked Program.
JavaScript warning: , line 0: WebGL warning: drawArraysInstanced: The current program is not linked.
JavaScript error: resource://gre/modules/LoginManagerChild.jsm, line 111: NS_NOINTERFACE: Component returned failure code: 0x80004002 (NS_NOINTERFACE) [nsIWebProgress.DOMWindow]
JavaScript error: resource://gre/modules/LoginManagerChild.jsm, line 111: NS_NOINTERFACE: Component returned failure code: 0x80004002 (NS_NOINTERFACE) [nsIWebProgress.DOMWindow]
JavaScript error: resource://gre/modules/LoginManagerChild.jsm, line 111: NS_NOINTERFACE: Component returned failure code: 0x80004002 (NS_NOINTERFACE) [nsIWebProgress.DOMWindow]
JavaScript error: resource://gre/modules/LoginManagerChild.jsm, line 111: NS_NOINTERFACE: Component returned failure code: 0x80004002 (NS_NOINTERFACE) [nsIWebProgress.DOMWindow]
1662201619908	Marionette	INFO	Stopped listening on port 32823
1662603345525	geckodriver	INFO	Listening on 127.0.0.1:53937
1662603345580	mozrunner::runner	INFO	Running command: "/usr/bin/firefox" "--marionette" "--remote-debugging-port" "42901" "--remote-allow-hosts" "localhost" "-no-remote" "-profile" "/tmp/rust_mozprofilefqxLKB"
ATTENTION: default value of option mesa_glthread overridden by environment.
ATTENTION: default value of option mesa_glthread overridden by environment.
ATTENTION: default value of option mesa_glthread overridden by environment.
ATTENTION: default value of option mesa_glthread overridden by environment.
1662603346230	Marionette	INFO	Marionette enabled
1662603346237	Marionette	INFO	Listening on port 44233
WebDriver BiDi listening on ws://localhost:42901
Read port: 44233
1662603346340	RemoteAgent	WARN	TLS certificate errors will be ignored for this session
console.warn: SearchSettings: "get: No settings file exists, new profile?" (new NotFoundError("Could not open the file at /tmp/rust_mozprofilefqxLKB/search.json.mozlz4", (void 0)))
DevTools listening on ws://localhost:42901/devtools/browser/6dbe4e19-acef-4026-8e5a-a5016ea4759e
console.error: Region.jsm: "Error fetching region" (new Error("TIMEOUT", "resource://gre/modules/Region.jsm", 769))
console.error: Region.jsm: "Failed to fetch region" (new Error("TIMEOUT", "resource://gre/modules/Region.jsm", 421))
JavaScript warning: https://deo.shopeemobile.com/shopee/shopee-seller-live-vn/chateasy/vendors.0f485567.1c4b5cccd6de4a6e0a7d.js, line 2: WEBGL_debug_renderer_info is deprecated in Firefox and will be removed. Please use RENDERER.
JavaScript warning: https://deo.shopeemobile.com/shopee/shopee-seller-live-vn/chateasy/vendors.0f485567.1c4b5cccd6de4a6e0a7d.js, line 2: WEBGL_debug_renderer_info is deprecated in Firefox and will be removed. Please use RENDERER.
JavaScript warning: https://deo.shopeemobile.com/shopee/shopee-seller-live-vn/chateasy/vendors.0f485567.1c4b5cccd6de4a6e0a7d.js, line 2: WEBGL_debug_renderer_info is deprecated in Firefox and will be removed. Please use RENDERER.
JavaScript warning: , line 0: WebGL warning: linkProgram: Must have a compiled fragment shader attached: Missing shader.
JavaScript warning: , line 0: WebGL warning: uniform setter: No active linked Program.
JavaScript warning: , line 0: WebGL warning: drawArraysInstanced: The current program is not linked.
JavaScript warning: https://deo.shopeemobile.com/shopee/shopee-pcmall-live-sg//assets/8330.dc08122115b23a53.js, line 1: WEBGL_debug_renderer_info is deprecated in Firefox and will be removed. Please use RENDERER.
JavaScript warning: https://deo.shopeemobile.com/shopee/web-sdk/default/live/index.min.js, line 1: WEBGL_debug_renderer_info is deprecated in Firefox and will be removed. Please use RENDERER.
JavaScript warning: , line 0: WebGL warning: linkProgram: Must have a compiled fragment shader attached: Missing shader.
JavaScript warning: , line 0: WebGL warning: uniform setter: No active linked Program.
JavaScript error: https://deo.shopeemobile.com/shopee/shopee-trackingsdk-live-sg/require-trackingsdk.js, line 9: Error: Load timeout for modules: https://deo.shopeemobile.com/shopee/shopee-trackingsdk-live-sg/amd/@shopee/tracking-core@28c0055.min.js
https://requirejs.org/docs/errors.html#timeout
1662603388882	Marionette	INFO	Stopped listening on port 44233
console.warn: TopSitesFeed: Failed to fetch data from Contile server: NetworkError when attempting to fetch resource.
1662903528299	geckodriver	INFO	Listening on 127.0.0.1:39383
1662903528416	mozrunner::runner	INFO	Running command: "/usr/bin/firefox" "--marionette" "-headless" "--remote-debugging-port" "34417" "--remote-allow-hosts" "localhost" "-no-remote" "-profile" "/tmp/rust_mozprofilegACG9M"
*** You are running in headless mode.
1662903528778	Marionette	INFO	Marionette enabled
1662903528783	Marionette	INFO	Listening on port 33373
WebDriver BiDi listening on ws://localhost:34417
Read port: 33373
1662903528889	RemoteAgent	WARN	TLS certificate errors will be ignored for this session
[GFX1-]: RenderCompositorSWGL failed mapping default framebuffer, no dt
console.warn: SearchSettings: "get: No settings file exists, new profile?" (new NotFoundError("Could not open the file at /tmp/rust_mozprofilegACG9M/search.json.mozlz4", (void 0)))
DevTools listening on ws://localhost:34417/devtools/browser/904ba931-8827-40fb-9435-19370f45c917
libEGL warning: DRI2: failed to create dri screen
JavaScript warning: https://deo.shopeemobile.com/shopee/web-sdk/js/live/c2e428f12042bcff8cb738b0dce50f694da6a74c.js, line 1: WEBGL_debug_renderer_info is deprecated in Firefox and will be removed. Please use RENDERER.
JavaScript warning: , line 0: WebGL warning: linkProgram: Must have a compiled fragment shader attached: Missing shader.
JavaScript warning: , line 0: WebGL warning: uniform setter: No active linked Program.
JavaScript error: resource://gre/actors/ContentMetaChild.jsm, line 185: InvalidStateError: JSWindowActorChild.sendAsyncMessage: JSWindowActorChild cannot send at the moment
JavaScript warning: https://deo.shopeemobile.com/shopee/web-sdk/js/live/c2e428f12042bcff8cb738b0dce50f694da6a74c.js, line 1: WEBGL_debug_renderer_info is deprecated in Firefox and will be removed. Please use RENDERER.
JavaScript warning: , line 0: WebGL warning: linkProgram: Must have a compiled fragment shader attached: Missing shader.
JavaScript warning: , line 0: WebGL warning: uniform setter: No active linked Program.
JavaScript warning: https://deo.shopeemobile.com/shopee/shopee-pcmall-live-sg//assets/6645.d661b7b6b205f056.js, line 1: WEBGL_debug_renderer_info is deprecated in Firefox and will be removed. Please use RENDERER.
JavaScript warning: , line 0: WebGL warning: linkProgram: Must have a compiled fragment shader attached: Missing shader.
JavaScript warning: , line 0: WebGL warning: uniform setter: No active linked Program.
JavaScript warning: , line 0: WebGL warning: drawArraysInstanced: The current program is not linked.
JavaScript warning: https://deo.shopeemobile.com/shopee/web-sdk/js/live/c2e428f12042bcff8cb738b0dce50f694da6a74c.js, line 1: WEBGL_debug_renderer_info is deprecated in Firefox and will be removed. Please use RENDERER.
JavaScript warning: , line 0: WebGL warning: linkProgram: Must have a compiled fragment shader attached: Missing shader.
JavaScript warning: , line 0: WebGL warning: uniform setter: No active linked Program.
JavaScript error: resource://gre/modules/LoginManagerChild.jsm, line 111: NS_NOINTERFACE: Component returned failure code: 0x80004002 (NS_NOINTERFACE) [nsIWebProgress.DOMWindow]
JavaScript error: resource://gre/modules/LoginManagerChild.jsm, line 111: NS_NOINTERFACE: Component returned failure code: 0x80004002 (NS_NOINTERFACE) [nsIWebProgress.DOMWindow]
JavaScript warning: https://deo.shopeemobile.com/shopee/shopee-seller-live-vn/chateasy/vendors.0f485567.1c4b5cccd6de4a6e0a7d.js, line 2: WEBGL_debug_renderer_info is deprecated in Firefox and will be removed. Please use RENDERER.
JavaScript warning: https://deo.shopeemobile.com/shopee/shopee-seller-live-vn/chateasy/vendors.0f485567.1c4b5cccd6de4a6e0a7d.js, line 2: WEBGL_debug_renderer_info is deprecated in Firefox and will be removed. Please use RENDERER.
JavaScript warning: https://deo.shopeemobile.com/shopee/shopee-seller-live-vn/chateasy/vendors.0f485567.1c4b5cccd6de4a6e0a7d.js, line 2: WEBGL_debug_renderer_info is deprecated in Firefox and will be removed. Please use RENDERER.
JavaScript warning: , line 0: WebGL warning: linkProgram: Must have a compiled fragment shader attached: Missing shader.
JavaScript warning: , line 0: WebGL warning: uniform setter: No active linked Program.
JavaScript warning: , line 0: WebGL warning: drawArraysInstanced: The current program is not linked.
JavaScript error: resource://gre/modules/LoginManagerChild.jsm, line 111: NS_NOINTERFACE: Component returned failure code: 0x80004002 (NS_NOINTERFACE) [nsIWebProgress.DOMWindow]
JavaScript error: resource://gre/modules/LoginManagerChild.jsm, line 111: NS_NOINTERFACE: Component returned failure code: 0x80004002 (NS_NOINTERFACE) [nsIWebProgress.DOMWindow]
1662903548735	Marionette	INFO	Stopped listening on port 33373
